2020-04-22 14:23:53.605 WARN [main] o.s.b.StartupInfoLogger - InetAddress.getLocalHost().getHostName() took 5004 milliseconds to respond. Please verify your network configuration (macOS machines may need to add entries to /etc/hosts).
2020-04-22 14:23:48.597 INFO [main] c.p.s.Test11 - Starting Test11 on fuchengliu.local with PID 84091 (started by liufucheng in /Users/liufucheng/work/workspace/story)
2020-04-22 14:23:58.620 INFO [main] c.p.s.Test11 - No active profile set, falling back to default profiles: default
2020-04-22 14:24:00.798 INFO [main] o.s.s.w.DefaultSecurityFilterChain - Creating filter chain: any request, [org.springframework.security.web.context.request.async.WebAsyncManagerIntegrationFilter@4c56644f, org.springframework.security.web.context.SecurityContextPersistenceFilter@1de7f898, org.springframework.security.web.header.HeaderWriterFilter@cfd5cd2, org.springframework.web.filter.CorsFilter@589dfa6f, org.springframework.security.web.authentication.logout.LogoutFilter@5e37fb82, com.pullo.story.filter.JWTAuthenticationFilter@43588265, com.pullo.story.filter.JWTAuthorizationFilter@6f8667bb, org.springframework.security.web.savedrequest.RequestCacheAwareFilter@63db743d, org.springframework.security.web.servletapi.SecurityContextHolderAwareRequestFilter@2fba0dac, org.springframework.security.web.authentication.AnonymousAuthenticationFilter@100d0218, org.springframework.security.web.session.SessionManagementFilter@6d7740f0, org.springframework.security.web.access.ExceptionTranslationFilter@35e2b89f, org.springframework.security.web.access.intercept.FilterSecurityInterceptor@577bfadb]
2020-04-22 14:24:01.339 INFO [main] o.s.s.c.ThreadPoolTaskExecutor - Initializing ExecutorService 'applicationTaskExecutor'
2020-04-22 14:24:01.810 WARN [main] o.s.b.a.f.FreeMarkerAutoConfiguration - Cannot find template location(s): [classpath:/templates/] (please add some templates, check your FreeMarker configuration, or set spring.freemarker.checkTemplateLocation=false)
2020-04-22 14:24:01.919 INFO [main] c.p.s.Test11 - Started Test11 in 28.653 seconds (JVM running for 40.48)
2020-04-22 14:24:02.217 INFO [main] aaa - aaa
2020-04-22 14:24:02.244 INFO [SpringContextShutdownHook] o.s.s.c.ThreadPoolTaskExecutor - Shutting down ExecutorService 'applicationTaskExecutor'
2020-04-22 14:26:49.792 WARN [restartedMain] o.s.b.StartupInfoLogger - InetAddress.getLocalHost().getHostName() took 5004 milliseconds to respond. Please verify your network configuration (macOS machines may need to add entries to /etc/hosts).
2020-04-22 14:26:44.785 INFO [restartedMain] c.p.s.StoryApplicationKt - Starting StoryApplicationKt on fuchengliu.local with PID 84113 (/Users/liufucheng/work/workspace/story/out/production/classes started by liufucheng in /Users/liufucheng/work/workspace/story)
2020-04-22 14:26:54.805 INFO [restartedMain] c.p.s.StoryApplicationKt - No active profile set, falling back to default profiles: default
2020-04-22 14:26:54.852 INFO [restartedMain] o.s.b.d.e.DevToolsPropertyDefaultsPostProcessor - Devtools property defaults active! Set 'spring.devtools.add-properties' to 'false' to disable
2020-04-22 14:26:54.852 INFO [restartedMain] o.s.b.d.e.DevToolsPropertyDefaultsPostProcessor - For additional web related logging consider setting the 'logging.level.web' property to 'DEBUG'
2020-04-22 14:26:56.394 WARN [restartedMain] i.u.w.jsr - UT026010: Buffer pool was not set on WebSocketDeploymentInfo, the default pool will be used
2020-04-22 14:26:56.426 INFO [restartedMain] i.u.servlet - Initializing Spring embedded WebApplicationContext
2020-04-22 14:26:56.427 INFO [restartedMain] o.s.w.c.ContextLoader - Root WebApplicationContext: initialization completed in 1575 ms
2020-04-22 14:26:57.095 INFO [restartedMain] o.s.s.w.DefaultSecurityFilterChain - Creating filter chain: any request, [org.springframework.security.web.context.request.async.WebAsyncManagerIntegrationFilter@1fc8f907, org.springframework.security.web.context.SecurityContextPersistenceFilter@1a79476e, org.springframework.security.web.header.HeaderWriterFilter@56a02fea, org.springframework.web.filter.CorsFilter@3f98690f, org.springframework.security.web.authentication.logout.LogoutFilter@44f53dd, com.pullo.story.filter.JWTAuthenticationFilter@6788143b, com.pullo.story.filter.JWTAuthorizationFilter@58584eac, org.springframework.security.web.savedrequest.RequestCacheAwareFilter@562f1769, org.springframework.security.web.servletapi.SecurityContextHolderAwareRequestFilter@13b09d9a, org.springframework.security.web.authentication.AnonymousAuthenticationFilter@808461, org.springframework.security.web.session.SessionManagementFilter@2c06a154, org.springframework.security.web.access.ExceptionTranslationFilter@26307915, org.springframework.security.web.access.intercept.FilterSecurityInterceptor@35e141df]
2020-04-22 14:26:57.211 INFO [restartedMain] o.s.s.c.ThreadPoolTaskExecutor - Initializing ExecutorService 'applicationTaskExecutor'
2020-04-22 14:26:57.512 WARN [restartedMain] o.s.b.a.f.FreeMarkerAutoConfiguration - Cannot find template location(s): [classpath:/templates/] (please add some templates, check your FreeMarker configuration, or set spring.freemarker.checkTemplateLocation=false)
2020-04-22 14:26:57.571 INFO [restartedMain] o.s.b.d.a.OptionalLiveReloadServer - LiveReload server is running on port 35729
2020-04-22 14:26:57.599 INFO [restartedMain] i.undertow - starting server: Undertow - 2.0.30.Final
2020-04-22 14:26:57.608 INFO [restartedMain] o.xnio - XNIO version 3.3.8.Final
2020-04-22 14:26:57.620 INFO [restartedMain] o.x.nio - XNIO NIO Implementation Version 3.3.8.Final
2020-04-22 14:26:57.712 INFO [restartedMain] o.s.b.w.e.u.UndertowServletWebServer - Undertow started on port(s) 8102 (http) with context path ''
2020-04-22 14:26:57.718 INFO [restartedMain] c.p.s.StoryApplicationKt - Started StoryApplicationKt in 28.388 seconds (JVM running for 39.532)
